<?xml version="1.0" encoding="UTF-8"?>
<!-- Generated by org.testng.reporters.JUnitReportReporter -->
<testsuite skipped="0" hostname="Sampath-YOGA" name="com.crossover.robotframework.JavaRobot.SampleKeywords" tests="1" failures="0" timestamp="22 Nov 2017 18:04:52 GMT" time="24.689" errors="0">
  <testcase name="verifySearch" time="24.689" classname="com.crossover.robotframework.JavaRobot.SampleKeywords"/>
</testsuite> <!-- com.crossover.robotframework.JavaRobot.SampleKeywords -->
